Using pre-set license
Built from '2020.2/staging' branch; Version is '2020.2.7f1 (c53830e277f1) revision 12924976'; Using compiler version '192528614'; Build Type 'Release'
OS: 'Windows 7  (6.1.0) 64bit' Language: 'ru' Physical Memory: 8055 MB
BatchMode: 1, IsHumanControllingUs: 0, StartBugReporterOnCrash: 0, Is64bit: 1, IsPro: 0

 COMMAND LINE ARGUMENTS:
C:\Program Files\Unity\Hub\Editor\2020.2.7f1\Editor\Unity.exe
-adb2
-batchMode
-noUpm
-name
AssetImportWorker1
-projectPath
D:/Development/Olimpus of the Reaper/Olympus_of_the_Priests
-logFile
Logs/AssetImportWorker1.log
-srvPort
10428
Successfully changed project path to: D:/Development/Olimpus of the Reaper/Olympus_of_the_Priests
D:/Development/Olimpus of the Reaper/Olympus_of_the_Priests
Using Asset Import Pipeline V2.
Refreshing native plugins compatible for Editor in 194.00 ms, found 1 plugins.
Preloading 0 native plugins for Editor in 0.00 ms.
Initialize engine version: 2020.2.7f1 (c53830e277f1)
[Subsystems] Discovering subsystems at path C:/Program Files/Unity/Hub/Editor/2020.2.7f1/Editor/Data/Resources/UnitySubsystems
[Subsystems] Discovering subsystems at path D:/Development/Olimpus of the Reaper/Olympus_of_the_Priests/Assets
GfxDevice: creating device client; threaded=0
d3d11: CreateDXGIFactory2(...) not found, fallbacking to CreateDXGIFactory1(...).
d3d11: QueryInterface(IDXGIFactory5) failed (80004002).
Direct3D:
    Version:  Direct3D 11.0 [level 11.0]
    Renderer: NVIDIA GeForce GT 630 (ID=0xf00)
    Vendor:   
    VRAM:     977 MB
    Driver:   9.18.13.908
Could not load symbol clCreateImage : Не найдена указанная процедура.


Could not load symbol clEnqueueFillBuffer : Не найдена указанная процедура.


Could not load symbol clEnqueueFillImage : Не найдена указанная процедура.


Could not load symbol clEnqueueMarkerWithWaitList : Не найдена указанная процедура.


Could not load symbol clGetExtensionFunctionAddressForPlatform : Не найдена указанная процедура.


Could not load symbol clUnloadPlatformCompiler : Не найдена указанная процедура.


Could not load symbol clCreateFromGLTexture : Не найдена указанная процедура.


Initialize mono
Mono path[0] = 'C:/Program Files/Unity/Hub/Editor/2020.2.7f1/Editor/Data/Managed'
Mono path[1] = 'C:/Program Files/Unity/Hub/Editor/2020.2.7f1/Editor/Data/MonoBleedingEdge/lib/mono/unityjit'
Mono config path = 'C:/Program Files/Unity/Hub/Editor/2020.2.7f1/Editor/Data/MonoBleedingEdge/etc'
Using monoOptions --debugger-agent=transport=dt_socket,embedding=1,server=y,suspend=n,address=127.0.0.1:56120
Begin MonoManager ReloadAssembly
Registering precompiled unity dll's ...
Register platform support module: C:/Program Files/Unity/Hub/Editor/2020.2.7f1/Editor/Data/PlaybackEngines/WindowsStandaloneSupport/UnityEditor.WindowsStandalone.Extensions.dll
Registered in 0.003292 seconds.
Native extension for WindowsStandalone target not found
Refreshing native plugins compatible for Editor in 86.68 ms, found 1 plugins.
Preloading 0 native plugins for Editor in 0.00 ms.
Invoked RoslynAnalysisRunner static constructor.
RoslynAnalysisRunner will not be running.
RoslynAnalysisRunner has terminated.
Mono: successfully reloaded assembly
- Completed reload, in  4.280 seconds
Platform modules already initialized, skipping
Registering precompiled user dll's ...
Registered in 0.000951 seconds.
Begin MonoManager ReloadAssembly
Native extension for WindowsStandalone target not found
Refreshing native plugins compatible for Editor in 58.28 ms, found 1 plugins.
Preloading 0 native plugins for Editor in 0.00 ms.
Invoked RoslynAnalysisRunner static constructor.
RoslynAnalysisRunner will not be running.
RoslynAnalysisRunner has terminated.
Mono: successfully reloaded assembly
- Completed reload, in  2.148 seconds
Platform modules already initialized, skipping
========================================================================
Worker process is ready to serve import requests
Launched and connected shader compiler UnityShaderCompiler.exe after 0.52 seconds
Refreshing native plugins compatible for Editor in 0.77 ms, found 1 plugins.
Preloading 0 native plugins for Editor in 0.00 ms.
Unloading 1816 Unused Serialized files (Serialized files now loaded: 0)
System memory in use before: 84.9 MB.
System memory in use after: 84.9 MB.

Unloading 24 unused Assets to reduce memory usage. Loaded Objects now: 2258.
Total: 5.441117 ms (FindLiveObjects: 0.327775 ms CreateObjectMapping: 0.103032 ms MarkObjects: 4.759358 ms  DeleteObjects: 0.247036 ms)

========================================================================
Received Import Request.
  path: Assets/Animation/Player/Player.controller
  artifactKey: Guid(fe735730d43fb39449f0e3cf6cd05604) Importer(815301076,1909f56bfc062723c751e8b465ee728b)
Start importing Assets/Animation/Player/Player.controller using Guid(fe735730d43fb39449f0e3cf6cd05604) Importer(815301076,1909f56bfc062723c751e8b465ee728b)  -> (artifact id: '7bbe001fd8e629bd9bd10f1c56971353') in 0.858014 seconds
  Import took 0.862884 seconds .

========================================================================
Received Prepare
Registering precompiled user dll's ...
Registered in 0.000957 seconds.
Begin MonoManager ReloadAssembly
Native extension for WindowsStandalone target not found
Refreshing native plugins compatible for Editor in 1.92 ms, found 1 plugins.
Preloading 0 native plugins for Editor in 0.00 ms.
Invoked RoslynAnalysisRunner static constructor.
RoslynAnalysisRunner will not be running.
RoslynAnalysisRunner has terminated.
Mono: successfully reloaded assembly
- Completed reload, in  2.653 seconds
Platform modules already initialized, skipping
Refreshing native plugins compatible for Editor in 0.76 ms, found 1 plugins.
Preloading 0 native plugins for Editor in 0.00 ms.
Unloading 1811 Unused Serialized files (Serialized files now loaded: 0)
System memory in use before: 84.9 MB.
System memory in use after: 84.9 MB.

Unloading 12 unused Assets to reduce memory usage. Loaded Objects now: 2262.
Total: 4.783761 ms (FindLiveObjects: 0.378086 ms CreateObjectMapping: 0.134363 ms MarkObjects: 4.067055 ms  DeleteObjects: 0.201545 ms)

========================================================================
Received Prepare
Registering precompiled user dll's ...
Registered in 0.001809 seconds.
Begin MonoManager ReloadAssembly
Native extension for WindowsStandalone target not found
Refreshing native plugins compatible for Editor in 0.53 ms, found 1 plugins.
Preloading 0 native plugins for Editor in 0.00 ms.
Invoked RoslynAnalysisRunner static constructor.
RoslynAnalysisRunner will not be running.
RoslynAnalysisRunner has terminated.
Mono: successfully reloaded assembly
- Completed reload, in  1.971 seconds
Platform modules already initialized, skipping
Refreshing native plugins compatible for Editor in 0.84 ms, found 1 plugins.
Preloading 0 native plugins for Editor in 0.00 ms.
Unloading 1811 Unused Serialized files (Serialized files now loaded: 0)
System memory in use before: 85.0 MB.
System memory in use after: 85.0 MB.

Unloading 12 unused Assets to reduce memory usage. Loaded Objects now: 2266.
Total: 4.319213 ms (FindLiveObjects: 0.395860 ms CreateObjectMapping: 0.112070 ms MarkObjects: 3.590155 ms  DeleteObjects: 0.218115 ms)

========================================================================
Received Import Request.
  Time since last request: 825.736913 seconds.
  path: Assets/Animation/Player/Player_DeathInLava.anim
  artifactKey: Guid(1b87ba2906e27ab4593773f750435127) Importer(815301076,1909f56bfc062723c751e8b465ee728b)
Start importing Assets/Animation/Player/Player_DeathInLava.anim using Guid(1b87ba2906e27ab4593773f750435127) Importer(815301076,1909f56bfc062723c751e8b465ee728b)  -> (artifact id: 'a129f752adf368f1f8936829b8984f58') in 0.025714 seconds
  Import took 0.032132 seconds .

========================================================================
Received Import Request.
  Time since last request: 0.122913 seconds.
  path: Assets/Animation/Player/Player_DeathInLava.anim
  artifactKey: Guid(1b87ba2906e27ab4593773f750435127) Importer(815301076,1909f56bfc062723c751e8b465ee728b)
Start importing Assets/Animation/Player/Player_DeathInLava.anim using Guid(1b87ba2906e27ab4593773f750435127) Importer(815301076,1909f56bfc062723c751e8b465ee728b)  -> (artifact id: 'a129f752adf368f1f8936829b8984f58') in 0.008595 seconds
  Import took 0.016075 seconds .

========================================================================
Received Prepare
Registering precompiled user dll's ...
Registered in 0.001352 seconds.
Begin MonoManager ReloadAssembly
Native extension for WindowsStandalone target not found
Refreshing native plugins compatible for Editor in 0.65 ms, found 1 plugins.
Preloading 0 native plugins for Editor in 0.00 ms.
Invoked RoslynAnalysisRunner static constructor.
RoslynAnalysisRunner will not be running.
RoslynAnalysisRunner has terminated.
Mono: successfully reloaded assembly
- Completed reload, in  1.845 seconds
Platform modules already initialized, skipping
Refreshing native plugins compatible for Editor in 5.91 ms, found 1 plugins.
Preloading 0 native plugins for Editor in 0.00 ms.
Unloading 1811 Unused Serialized files (Serialized files now loaded: 0)
System memory in use before: 85.0 MB.
System memory in use after: 85.0 MB.

Unloading 12 unused Assets to reduce memory usage. Loaded Objects now: 2270.
Total: 11.855014 ms (FindLiveObjects: 0.318737 ms CreateObjectMapping: 0.116589 ms MarkObjects: 11.098542 ms  DeleteObjects: 0.317230 ms)

========================================================================
Received Import Request.
  Time since last request: 7.665990 seconds.
  path: Assets/Animation/Player/Player_Combustion.anim
  artifactKey: Guid(1b87ba2906e27ab4593773f750435127) Importer(815301076,1909f56bfc062723c751e8b465ee728b)
Start importing Assets/Animation/Player/Player_Combustion.anim using Guid(1b87ba2906e27ab4593773f750435127) Importer(815301076,1909f56bfc062723c751e8b465ee728b)  -> (artifact id: '620b1565d205d81fd42f5f299057ec8d') in 0.037258 seconds
  Import took 0.043157 seconds .

========================================================================
Received Import Request.
  Time since last request: 0.006009 seconds.
  path: Assets/Animation/Player/Player_Death.anim
  artifactKey: Guid(e139401bce32210448406159025b81e2) Importer(815301076,1909f56bfc062723c751e8b465ee728b)
Start importing Assets/Animation/Player/Player_Death.anim using Guid(e139401bce32210448406159025b81e2) Importer(815301076,1909f56bfc062723c751e8b465ee728b)  -> (artifact id: 'bce741508d3e748c98b206f70b38ad78') in 0.007465 seconds
  Import took 0.014780 seconds .

========================================================================
Received Import Request.
  Time since last request: 39.214282 seconds.
  path: Assets/Scripts/Lava.cs
  artifactKey: Guid(cf03886948c79fc4ba5ca1a5f4c1065b) Importer(815301076,1909f56bfc062723c751e8b465ee728b)
Start importing Assets/Scripts/Lava.cs using Guid(cf03886948c79fc4ba5ca1a5f4c1065b) Importer(815301076,1909f56bfc062723c751e8b465ee728b)  -> (artifact id: '9b664b0f8ccd2fe907aa8ea953fb2faf') in 0.117632 seconds
  Import took 0.129479 seconds .

========================================================================
Received Prepare
Registering precompiled user dll's ...
Registered in 0.001616 seconds.
Begin MonoManager ReloadAssembly
Native extension for WindowsStandalone target not found
Refreshing native plugins compatible for Editor in 0.77 ms, found 1 plugins.
Preloading 0 native plugins for Editor in 0.00 ms.
Invoked RoslynAnalysisRunner static constructor.
RoslynAnalysisRunner will not be running.
RoslynAnalysisRunner has terminated.
Mono: successfully reloaded assembly
- Completed reload, in  2.239 seconds
Platform modules already initialized, skipping
Refreshing native plugins compatible for Editor in 0.71 ms, found 1 plugins.
Preloading 0 native plugins for Editor in 0.00 ms.
Unloading 1811 Unused Serialized files (Serialized files now loaded: 0)
System memory in use before: 85.0 MB.
System memory in use after: 85.0 MB.

Unloading 12 unused Assets to reduce memory usage. Loaded Objects now: 2274.
Total: 4.430680 ms (FindLiveObjects: 0.399475 ms CreateObjectMapping: 0.106045 ms MarkObjects: 3.713673 ms  DeleteObjects: 0.208173 ms)

========================================================================
Received Prepare
Registering precompiled user dll's ...
Registered in 0.000925 seconds.
Begin MonoManager ReloadAssembly
Native extension for WindowsStandalone target not found
Refreshing native plugins compatible for Editor in 0.76 ms, found 1 plugins.
Preloading 0 native plugins for Editor in 0.00 ms.
Invoked RoslynAnalysisRunner static constructor.
RoslynAnalysisRunner will not be running.
RoslynAnalysisRunner has terminated.
Mono: successfully reloaded assembly
- Completed reload, in  1.995 seconds
Platform modules already initialized, skipping
Refreshing native plugins compatible for Editor in 1.12 ms, found 1 plugins.
Preloading 0 native plugins for Editor in 0.00 ms.
Unloading 1811 Unused Serialized files (Serialized files now loaded: 0)
System memory in use before: 85.0 MB.
System memory in use after: 85.0 MB.

Unloading 12 unused Assets to reduce memory usage. Loaded Objects now: 2278.
Total: 24.986782 ms (FindLiveObjects: 0.356093 ms CreateObjectMapping: 0.110262 ms MarkObjects: 24.292973 ms  DeleteObjects: 0.224140 ms)

========================================================================
Received Import Request.
  Time since last request: 284.924913 seconds.
  path: Assets/Scripts/Lava.cs
  artifactKey: Guid(cf03886948c79fc4ba5ca1a5f4c1065b) Importer(815301076,1909f56bfc062723c751e8b465ee728b)
Start importing Assets/Scripts/Lava.cs using Guid(cf03886948c79fc4ba5ca1a5f4c1065b) Importer(815301076,1909f56bfc062723c751e8b465ee728b)  -> (artifact id: 'd190da27869b6463005a8865f47bac45') in 0.008430 seconds
  Import took 0.013793 seconds .

========================================================================
Received Import Request.
  Time since last request: 0.102838 seconds.
  path: Assets/Scripts/Lava.cs
  artifactKey: Guid(cf03886948c79fc4ba5ca1a5f4c1065b) Importer(815301076,1909f56bfc062723c751e8b465ee728b)
Start importing Assets/Scripts/Lava.cs using Guid(cf03886948c79fc4ba5ca1a5f4c1065b) Importer(815301076,1909f56bfc062723c751e8b465ee728b)  -> (artifact id: 'd190da27869b6463005a8865f47bac45') in 0.003040 seconds
  Import took 0.008048 seconds .

========================================================================
Received Prepare
Registering precompiled user dll's ...
Registered in 0.001232 seconds.
Begin MonoManager ReloadAssembly
Native extension for WindowsStandalone target not found
Refreshing native plugins compatible for Editor in 0.55 ms, found 1 plugins.
Preloading 0 native plugins for Editor in 0.00 ms.
Invoked RoslynAnalysisRunner static constructor.
RoslynAnalysisRunner will not be running.
RoslynAnalysisRunner has terminated.
Mono: successfully reloaded assembly
- Completed reload, in  1.928 seconds
Platform modules already initialized, skipping
Refreshing native plugins compatible for Editor in 0.71 ms, found 1 plugins.
Preloading 0 native plugins for Editor in 0.00 ms.
Unloading 1811 Unused Serialized files (Serialized files now loaded: 0)
System memory in use before: 85.0 MB.
System memory in use after: 85.0 MB.

Unloading 12 unused Assets to reduce memory usage. Loaded Objects now: 2282.
Total: 39.091932 ms (FindLiveObjects: 0.831788 ms CreateObjectMapping: 0.159670 ms MarkObjects: 37.740766 ms  DeleteObjects: 0.356395 ms)

AssetImportWorkerClient::OnTransportError - code=2 error=End of file
